

Processing MainController#index (for 112.200.190.245 at 2009-07-14 18:52:18) [GET]
  Parameters: {"action"=>"index", "controller"=>"main"}
  [4;36;1mAccount Load (1.0ms)[0m   [0;1mSELECT * FROM "accounts" WHERE ("accounts"."id" = 1) LIMIT 1[0m
  [4;35;1mAnnouncement Load (1.0ms)[0m   [0mSELECT * FROM "announcements" [0m
Rendering template within layouts/application
Rendering main/index
Completed in 51ms (View: 21, DB: 2) | 200 OK [http://112.200.190.245/]


Processing AccountsController#index (for 112.200.190.245 at 2009-07-14 18:52:32) [GET]
  Parameters: {"action"=>"index", "controller"=>"accounts"}
  [4;36;1mAccount Load (0.0ms)[0m   [0;1mSELECT * FROM "accounts" WHERE ("accounts"."id" = 1) LIMIT 1[0m
  [4;35;1mAccount Load (0.0ms)[0m   [0mSELECT * FROM "accounts" [0m
Rendering template within layouts/application
Rendering accounts/index
Completed in 30ms (View: 13, DB: 0) | 200 OK [http://112.200.190.245/accounts]


Processing MainController#index (for 127.0.0.1 at 2009-07-14 21:37:45) [GET]
  Parameters: {"action"=>"index", "controller"=>"main"}
  [4;36;1mAnnouncement Load (1.0ms)[0m   [0;1mSELECT * FROM "announcements" [0m
Rendering template within layouts/application
Rendering main/index
Completed in 21ms (View: 12, DB: 1) | 200 OK [http://localhost/]


Processing MainController#login (for 127.0.0.1 at 2009-07-14 21:37:54) [POST]
  Parameters: {"commit"=>"login", "action"=>"login", "authenticity_token"=>"6b4e7c6ad67b0b3b265fb1de08f0b7e60a9bfdf8", "controller"=>"main", "login"=>"osa", "password"=>"[FILTERED]"}
  [4;35;1mAccount Load (0.0ms)[0m   [0mSELECT * FROM "accounts" WHERE ("accounts"."password" = '12345' AND "accounts"."username" = 'osa') LIMIT 1[0m
Redirected to actionindex
Completed in 15ms (DB: 0) | 302 Found [http://localhost/main/login]


Processing MainController#index (for 127.0.0.1 at 2009-07-14 21:37:54) [GET]
  Parameters: {"action"=>"index", "controller"=>"main"}
  [4;36;1mAnnouncement Load (1.0ms)[0m   [0;1mSELECT * FROM "announcements" [0m
Rendering template within layouts/application
Rendering main/index
Completed in 19ms (View: 10, DB: 1) | 200 OK [http://localhost/main]


Processing MainController#accounts (for 127.0.0.1 at 2009-07-14 21:38:03) [GET]
  Parameters: {"action"=>"accounts", "controller"=>"main"}


ActionController::UnknownAction (No action responded to accounts. Actions: index, login, and logout):
    C:/InstantRails/ruby/lib/ruby/gems/1.8/gems/actionpack-2.2.2/lib/action_controller/filters.rb:617:in `call_filters'
    C:/InstantRails/ruby/lib/ruby/gems/1.8/gems/actionpack-2.2.2/lib/action_controller/filters.rb:610:in `perform_action_without_benchmark'
    C:/InstantRails/ruby/lib/ruby/gems/1.8/gems/actionpack-2.2.2/lib/action_controller/benchmarking.rb:68:in `perform_action_without_rescue'
    C:/InstantRails/ruby/lib/ruby/1.8/benchmark.rb:293:in `measure'
    C:/InstantRails/ruby/lib/ruby/gems/1.8/gems/actionpack-2.2.2/lib/action_controller/benchmarking.rb:68:in `perform_action_without_rescue'
    C:/InstantRails/ruby/lib/ruby/gems/1.8/gems/actionpack-2.2.2/lib/action_controller/rescue.rb:136:in `perform_action_without_caching'
    C:/InstantRails/ruby/lib/ruby/gems/1.8/gems/actionpack-2.2.2/lib/action_controller/caching/sql_cache.rb:13:in `perform_action'
    C:/InstantRails/ruby/lib/ruby/gems/1.8/gems/activerecord-2.2.2/lib/active_record/connection_adapters/abstract/query_cache.rb:34:in `cache'
    C:/InstantRails/ruby/lib/ruby/gems/1.8/gems/activerecord-2.2.2/lib/active_record/query_cache.rb:8:in `cache'
    C:/InstantRails/ruby/lib/ruby/gems/1.8/gems/actionpack-2.2.2/lib/action_controller/caching/sql_cache.rb:12:in `perform_action'
    C:/InstantRails/ruby/lib/ruby/gems/1.8/gems/actionpack-2.2.2/lib/action_controller/base.rb:524:in `send'
    C:/InstantRails/ruby/lib/ruby/gems/1.8/gems/actionpack-2.2.2/lib/action_controller/base.rb:524:in `process_without_filters'
    C:/InstantRails/ruby/lib/ruby/gems/1.8/gems/actionpack-2.2.2/lib/action_controller/filters.rb:606:in `process_without_session_management_support'
    C:/InstantRails/ruby/lib/ruby/gems/1.8/gems/actionpack-2.2.2/lib/action_controller/session_management.rb:134:in `process'
    C:/InstantRails/ruby/lib/ruby/gems/1.8/gems/actionpack-2.2.2/lib/action_controller/base.rb:392:in `process'
    C:/InstantRails/ruby/lib/ruby/gems/1.8/gems/actionpack-2.2.2/lib/action_controller/dispatcher.rb:183:in `handle_request'
    C:/InstantRails/ruby/lib/ruby/gems/1.8/gems/actionpack-2.2.2/lib/action_controller/dispatcher.rb:110:in `dispatch_unlocked'
    C:/InstantRails/ruby/lib/ruby/gems/1.8/gems/actionpack-2.2.2/lib/action_controller/dispatcher.rb:123:in `dispatch'
    C:/InstantRails/ruby/lib/ruby/gems/1.8/gems/actionpack-2.2.2/lib/action_controller/dispatcher.rb:122:in `synchronize'
    C:/InstantRails/ruby/lib/ruby/gems/1.8/gems/actionpack-2.2.2/lib/action_controller/dispatcher.rb:122:in `dispatch'
    C:/InstantRails/ruby/lib/ruby/gems/1.8/gems/actionpack-2.2.2/lib/action_controller/dispatcher.rb:132:in `dispatch_cgi'
    C:/InstantRails/ruby/lib/ruby/gems/1.8/gems/actionpack-2.2.2/lib/action_controller/dispatcher.rb:39:in `dispatch'
    C:/InstantRails/ruby/lib/ruby/gems/1.8/gems/mongrel-1.1.5-x86-mswin32-60/bin/../lib/mongrel/rails.rb:76:in `process'
    C:/InstantRails/ruby/lib/ruby/gems/1.8/gems/mongrel-1.1.5-x86-mswin32-60/bin/../lib/mongrel/rails.rb:74:in `synchronize'
    C:/InstantRails/ruby/lib/ruby/gems/1.8/gems/mongrel-1.1.5-x86-mswin32-60/bin/../lib/mongrel/rails.rb:74:in `process'
    C:/InstantRails/ruby/lib/ruby/gems/1.8/gems/mongrel-1.1.5-x86-mswin32-60/lib/mongrel.rb:159:in `process_client'
    C:/InstantRails/ruby/lib/ruby/gems/1.8/gems/mongrel-1.1.5-x86-mswin32-60/lib/mongrel.rb:158:in `each'
    C:/InstantRails/ruby/lib/ruby/gems/1.8/gems/mongrel-1.1.5-x86-mswin32-60/lib/mongrel.rb:158:in `process_client'
    C:/InstantRails/ruby/lib/ruby/gems/1.8/gems/mongrel-1.1.5-x86-mswin32-60/lib/mongrel.rb:285:in `run'
    C:/InstantRails/ruby/lib/ruby/gems/1.8/gems/mongrel-1.1.5-x86-mswin32-60/lib/mongrel.rb:285:in `initialize'
    C:/InstantRails/ruby/lib/ruby/gems/1.8/gems/mongrel-1.1.5-x86-mswin32-60/lib/mongrel.rb:285:in `new'
    C:/InstantRails/ruby/lib/ruby/gems/1.8/gems/mongrel-1.1.5-x86-mswin32-60/lib/mongrel.rb:285:in `run'
    C:/InstantRails/ruby/lib/ruby/gems/1.8/gems/mongrel-1.1.5-x86-mswin32-60/lib/mongrel.rb:268:in `initialize'
    C:/InstantRails/ruby/lib/ruby/gems/1.8/gems/mongrel-1.1.5-x86-mswin32-60/lib/mongrel.rb:268:in `new'
    C:/InstantRails/ruby/lib/ruby/gems/1.8/gems/mongrel-1.1.5-x86-mswin32-60/lib/mongrel.rb:268:in `run'
    C:/InstantRails/ruby/lib/ruby/gems/1.8/gems/mongrel-1.1.5-x86-mswin32-60/lib/mongrel/configurator.rb:282:in `run'
    C:/InstantRails/ruby/lib/ruby/gems/1.8/gems/mongrel-1.1.5-x86-mswin32-60/lib/mongrel/configurator.rb:281:in `each'
    C:/InstantRails/ruby/lib/ruby/gems/1.8/gems/mongrel-1.1.5-x86-mswin32-60/lib/mongrel/configurator.rb:281:in `run'
    C:/InstantRails/ruby/lib/ruby/gems/1.8/gems/mongrel-1.1.5-x86-mswin32-60/bin/mongrel_rails:128:in `run'
    C:/InstantRails/ruby/lib/ruby/gems/1.8/gems/mongrel-1.1.5-x86-mswin32-60/lib/mongrel/command.rb:212:in `run'
    C:/InstantRails/ruby/lib/ruby/gems/1.8/gems/mongrel-1.1.5-x86-mswin32-60/bin/mongrel_rails:281
    C:/InstantRails/ruby/lib/ruby/gems/1.8/gems/activesupport-2.2.2/lib/active_support/dependencies.rb:142:in `load_without_new_constant_marking'
    C:/InstantRails/ruby/lib/ruby/gems/1.8/gems/activesupport-2.2.2/lib/active_support/dependencies.rb:142:in `load'
    C:/InstantRails/ruby/lib/ruby/gems/1.8/gems/activesupport-2.2.2/lib/active_support/dependencies.rb:521:in `new_constants_in'
    C:/InstantRails/ruby/lib/ruby/gems/1.8/gems/activesupport-2.2.2/lib/active_support/dependencies.rb:142:in `load'
    C:/InstantRails/ruby/lib/ruby/gems/1.8/gems/rails-2.2.2/lib/commands/servers/mongrel.rb:64
    C:/InstantRails/ruby/lib/ruby/site_ruby/1.8/rubygems/custom_require.rb:31:in `gem_original_require'
    C:/InstantRails/ruby/lib/ruby/site_ruby/1.8/rubygems/custom_require.rb:31:in `require'
    C:/InstantRails/ruby/lib/ruby/gems/1.8/gems/activesupport-2.2.2/lib/active_support/dependencies.rb:153:in `require'
    C:/InstantRails/ruby/lib/ruby/gems/1.8/gems/activesupport-2.2.2/lib/active_support/dependencies.rb:521:in `new_constants_in'
    C:/InstantRails/ruby/lib/ruby/gems/1.8/gems/activesupport-2.2.2/lib/active_support/dependencies.rb:153:in `require'
    C:/InstantRails/ruby/lib/ruby/gems/1.8/gems/rails-2.2.2/lib/commands/server.rb:49
    C:/InstantRails/ruby/lib/ruby/site_ruby/1.8/rubygems/custom_require.rb:31:in `gem_original_require'
    C:/InstantRails/ruby/lib/ruby/site_ruby/1.8/rubygems/custom_require.rb:31:in `require'
    script/server:3

Rendering C:/InstantRails/ruby/lib/ruby/gems/1.8/gems/actionpack-2.2.2/lib/action_controller/templates/rescues/layout.erb (not_found)


Processing AccountsController#index (for 127.0.0.1 at 2009-07-14 21:38:19) [GET]
  Parameters: {"action"=>"index", "controller"=>"accounts"}
  [4;35;1mAccount Load (1.0ms)[0m   [0mSELECT * FROM "accounts" [0m
Rendering template within layouts/application
Rendering accounts/index
Completed in 23ms (View: 11, DB: 1) | 200 OK [http://localhost/accounts]


Processing AccountsController#new (for 127.0.0.1 at 2009-07-14 21:38:22) [GET]
  Parameters: {"action"=>"new", "controller"=>"accounts"}
Rendering template within layouts/application
Rendering accounts/new
Completed in 24ms (View: 14, DB: 0) | 200 OK [http://localhost/accounts/new]


Processing AccountsController#create (for 127.0.0.1 at 2009-07-14 21:38:30) [POST]
  Parameters: {"commit"=>"Create", "account"=>{"username"=>"osa", "group"=>"OSA", "password"=>"[FILTERED]"}, "action"=>"create", "authenticity_token"=>"6b4e7c6ad67b0b3b265fb1de08f0b7e60a9bfdf8", "controller"=>"accounts"}
  [4;36;1mAccount Exists (0.0ms)[0m   [0;1mSELECT "accounts".id FROM "accounts" WHERE ("accounts"."username" = 'osa') LIMIT 1[0m
  [4;35;1mAccount Create (12.0ms)[0m   [0mINSERT INTO "accounts" ("updated_at", "username", "password", "group", "created_at") VALUES('2009-07-14 13:38:30', 'osa', '12345', 'OSA', '2009-07-14 13:38:30')[0m
  [4;36;1mOsa Create (2.0ms)[0m   [0;1mINSERT INTO "osas" ("updated_at", "account_id", "isopen", "coordinator", "created_at") VALUES('2009-07-14 13:38:30', NULL, 'f', 'osa', '2009-07-14 13:38:30')[0m
  [4;35;1mOsa Update (1.0ms)[0m   [0mUPDATE "osas" SET "account_id" = 1, "updated_at" = '2009-07-14 13:38:30' WHERE "id" = 1[0m
Redirected to actionshowid1controleraccounts
Completed in 70ms (DB: 15) | 302 Found [http://localhost/accounts/create]


Processing AccountsController#show (for 127.0.0.1 at 2009-07-14 21:38:30) [GET]
  Parameters: {"action"=>"show", "id"=>"1", "controller"=>"accounts", "controler"=>"accounts"}
  [4;36;1mAccount Load (1.0ms)[0m   [0;1mSELECT * FROM "accounts" WHERE ("accounts"."id" = 1) [0m
Rendering template within layouts/application
Rendering accounts/show
Completed in 22ms (View: 11, DB: 1) | 200 OK [http://localhost/accounts/show/1?controler=accounts]


Processing AccountsController#index (for 127.0.0.1 at 2009-07-14 21:38:33) [GET]
  Parameters: {"action"=>"index", "controller"=>"accounts"}
  [4;35;1mAccount Load (2.0ms)[0m   [0mSELECT * FROM "accounts" [0m
Rendering template within layouts/application
Rendering accounts/index
Completed in 27ms (View: 14, DB: 2) | 200 OK [http://localhost/accounts]


Processing MainController#index (for 127.0.0.1 at 2009-07-14 21:38:54) [GET]
  Parameters: {"action"=>"index", "controller"=>"main"}
  [4;36;1mAnnouncement Load (2.0ms)[0m   [0;1mSELECT * FROM "announcements" [0m
Rendering template within layouts/application
Rendering main/index
Completed in 25ms (View: 14, DB: 2) | 200 OK [http://localhost/]


Processing MainController#login (for 127.0.0.1 at 2009-07-14 21:38:59) [POST]
  Parameters: {"commit"=>"login", "action"=>"login", "authenticity_token"=>"6b4e7c6ad67b0b3b265fb1de08f0b7e60a9bfdf8", "controller"=>"main", "login"=>"osa", "password"=>"[FILTERED]"}
  [4;35;1mAccount Load (1.0ms)[0m   [0mSELECT * FROM "accounts" WHERE ("accounts"."password" = '12345' AND "accounts"."username" = 'osa') LIMIT 1[0m
Redirected to actionindexcontrollerosas
Completed in 14ms (DB: 1) | 302 Found [http://localhost/main/login]


Processing ApplicationController#index (for 127.0.0.1 at 2009-07-14 21:39:00) [GET]
  Parameters: {"action"=>"index", "controller"=>"osas"}


SyntaxError (C:/Users/bonn/Documents/bukluran1/Bukluran8/app/controllers/osas_controller.rb:338: syntax error, unexpected kEND
C:/Users/bonn/Documents/bukluran1/Bukluran8/app/controllers/osas_controller.rb:342: syntax error, unexpected kELSE, expecting kEND
C:/Users/bonn/Documents/bukluran1/Bukluran8/app/controllers/osas_controller.rb:370: syntax error, unexpected kEND
C:/Users/bonn/Documents/bukluran1/Bukluran8/app/controllers/osas_controller.rb:374: syntax error, unexpected kELSE, expecting kEND
C:/Users/bonn/Documents/bukluran1/Bukluran8/app/controllers/osas_controller.rb:402: syntax error, unexpected kEND
C:/Users/bonn/Documents/bukluran1/Bukluran8/app/controllers/osas_controller.rb:406: syntax error, unexpected kELSE, expecting kEND
C:/Users/bonn/Documents/bukluran1/Bukluran8/app/controllers/osas_controller.rb:434: syntax error, unexpected kEND
C:/Users/bonn/Documents/bukluran1/Bukluran8/app/controllers/osas_controller.rb:438: syntax error, unexpected kELSE, expecting kEND
C:/Users/bonn/Documents/bukluran1/Bukluran8/app/controllers/osas_controller.rb:476: syntax error, unexpected $end, expecting kEND):
    C:/InstantRails/ruby/lib/ruby/gems/1.8/gems/activesupport-2.2.2/lib/active_support/dependencies.rb:382:in `load_without_new_constant_marking'
    C:/InstantRails/ruby/lib/ruby/gems/1.8/gems/activesupport-2.2.2/lib/active_support/dependencies.rb:382:in `load_file'
    C:/InstantRails/ruby/lib/ruby/gems/1.8/gems/activesupport-2.2.2/lib/active_support/dependencies.rb:521:in `new_constants_in'
    C:/InstantRails/ruby/lib/ruby/gems/1.8/gems/activesupport-2.2.2/lib/active_support/dependencies.rb:381:in `load_file'
    C:/InstantRails/ruby/lib/ruby/gems/1.8/gems/activesupport-2.2.2/lib/active_support/dependencies.rb:256:in `require_or_load'
    C:/InstantRails/ruby/lib/ruby/gems/1.8/gems/activesupport-2.2.2/lib/active_support/dependencies.rb:427:in `load_missing_constant'
    C:/InstantRails/ruby/lib/ruby/gems/1.8/gems/activesupport-2.2.2/lib/active_support/dependencies.rb:77:in `const_missing'
    C:/InstantRails/ruby/lib/ruby/gems/1.8/gems/activesupport-2.2.2/lib/active_support/dependencies.rb:89:in `const_missing'
    C:/InstantRails/ruby/lib/ruby/gems/1.8/gems/activesupport-2.2.2/lib/active_support/inflector.rb:352:in `constantize'
    C:/InstantRails/ruby/lib/ruby/gems/1.8/gems/activesupport-2.2.2/lib/active_support/inflector.rb:351:in `each'
    C:/InstantRails/ruby/lib/ruby/gems/1.8/gems/activesupport-2.2.2/lib/active_support/inflector.rb:351:in `constantize'
    C:/InstantRails/ruby/lib/ruby/gems/1.8/gems/activesupport-2.2.2/lib/active_support/core_ext/string/inflections.rb:162:in `constantize'
    C:/InstantRails/ruby/lib/ruby/gems/1.8/gems/actionpack-2.2.2/lib/action_controller/routing/route_set.rb:388:in `recognize'
    C:/InstantRails/ruby/lib/ruby/gems/1.8/gems/actionpack-2.2.2/lib/action_controller/dispatcher.rb:182:in `handle_request'
    C:/InstantRails/ruby/lib/ruby/gems/1.8/gems/actionpack-2.2.2/lib/action_controller/dispatcher.rb:110:in `dispatch_unlocked'
    C:/InstantRails/ruby/lib/ruby/gems/1.8/gems/actionpack-2.2.2/lib/action_controller/dispatcher.rb:123:in `dispatch'
    C:/InstantRails/ruby/lib/ruby/gems/1.8/gems/actionpack-2.2.2/lib/action_controller/dispatcher.rb:122:in `synchronize'
    C:/InstantRails/ruby/lib/ruby/gems/1.8/gems/actionpack-2.2.2/lib/action_controller/dispatcher.rb:122:in `dispatch'
    C:/InstantRails/ruby/lib/ruby/gems/1.8/gems/actionpack-2.2.2/lib/action_controller/dispatcher.rb:132:in `dispatch_cgi'
    C:/InstantRails/ruby/lib/ruby/gems/1.8/gems/actionpack-2.2.2/lib/action_controller/dispatcher.rb:39:in `dispatch'
    C:/InstantRails/ruby/lib/ruby/gems/1.8/gems/mongrel-1.1.5-x86-mswin32-60/bin/../lib/mongrel/rails.rb:76:in `process'
    C:/InstantRails/ruby/lib/ruby/gems/1.8/gems/mongrel-1.1.5-x86-mswin32-60/bin/../lib/mongrel/rails.rb:74:in `synchronize'
    C:/InstantRails/ruby/lib/ruby/gems/1.8/gems/mongrel-1.1.5-x86-mswin32-60/bin/../lib/mongrel/rails.rb:74:in `process'
    C:/InstantRails/ruby/lib/ruby/gems/1.8/gems/mongrel-1.1.5-x86-mswin32-60/lib/mongrel.rb:159:in `process_client'
    C:/InstantRails/ruby/lib/ruby/gems/1.8/gems/mongrel-1.1.5-x86-mswin32-60/lib/mongrel.rb:158:in `each'
    C:/InstantRails/ruby/lib/ruby/gems/1.8/gems/mongrel-1.1.5-x86-mswin32-60/lib/mongrel.rb:158:in `process_client'
    C:/InstantRails/ruby/lib/ruby/gems/1.8/gems/mongrel-1.1.5-x86-mswin32-60/lib/mongrel.rb:285:in `run'
    C:/InstantRails/ruby/lib/ruby/gems/1.8/gems/mongrel-1.1.5-x86-mswin32-60/lib/mongrel.rb:285:in `initialize'
    C:/InstantRails/ruby/lib/ruby/gems/1.8/gems/mongrel-1.1.5-x86-mswin32-60/lib/mongrel.rb:285:in `new'
    C:/InstantRails/ruby/lib/ruby/gems/1.8/gems/mongrel-1.1.5-x86-mswin32-60/lib/mongrel.rb:285:in `run'
    C:/InstantRails/ruby/lib/ruby/gems/1.8/gems/mongrel-1.1.5-x86-mswin32-60/lib/mongrel.rb:268:in `initialize'
    C:/InstantRails/ruby/lib/ruby/gems/1.8/gems/mongrel-1.1.5-x86-mswin32-60/lib/mongrel.rb:268:in `new'
    C:/InstantRails/ruby/lib/ruby/gems/1.8/gems/mongrel-1.1.5-x86-mswin32-60/lib/mongrel.rb:268:in `run'
    C:/InstantRails/ruby/lib/ruby/gems/1.8/gems/mongrel-1.1.5-x86-mswin32-60/lib/mongrel/configurator.rb:282:in `run'
    C:/InstantRails/ruby/lib/ruby/gems/1.8/gems/mongrel-1.1.5-x86-mswin32-60/lib/mongrel/configurator.rb:281:in `each'
    C:/InstantRails/ruby/lib/ruby/gems/1.8/gems/mongrel-1.1.5-x86-mswin32-60/lib/mongrel/configurator.rb:281:in `run'
    C:/InstantRails/ruby/lib/ruby/gems/1.8/gems/mongrel-1.1.5-x86-mswin32-60/bin/mongrel_rails:128:in `run'
    C:/InstantRails/ruby/lib/ruby/gems/1.8/gems/mongrel-1.1.5-x86-mswin32-60/lib/mongrel/command.rb:212:in `run'
    C:/InstantRails/ruby/lib/ruby/gems/1.8/gems/mongrel-1.1.5-x86-mswin32-60/bin/mongrel_rails:281
    C:/InstantRails/ruby/lib/ruby/gems/1.8/gems/activesupport-2.2.2/lib/active_support/dependencies.rb:142:in `load_without_new_constant_marking'
    C:/InstantRails/ruby/lib/ruby/gems/1.8/gems/activesupport-2.2.2/lib/active_support/dependencies.rb:142:in `load'
    C:/InstantRails/ruby/lib/ruby/gems/1.8/gems/activesupport-2.2.2/lib/active_support/dependencies.rb:521:in `new_constants_in'
    C:/InstantRails/ruby/lib/ruby/gems/1.8/gems/activesupport-2.2.2/lib/active_support/dependencies.rb:142:in `load'
    C:/InstantRails/ruby/lib/ruby/gems/1.8/gems/rails-2.2.2/lib/commands/servers/mongrel.rb:64
    C:/InstantRails/ruby/lib/ruby/site_ruby/1.8/rubygems/custom_require.rb:31:in `gem_original_require'
    C:/InstantRails/ruby/lib/ruby/site_ruby/1.8/rubygems/custom_require.rb:31:in `require'
    C:/InstantRails/ruby/lib/ruby/gems/1.8/gems/activesupport-2.2.2/lib/active_support/dependencies.rb:153:in `require'
    C:/InstantRails/ruby/lib/ruby/gems/1.8/gems/activesupport-2.2.2/lib/active_support/dependencies.rb:521:in `new_constants_in'
    C:/InstantRails/ruby/lib/ruby/gems/1.8/gems/activesupport-2.2.2/lib/active_support/dependencies.rb:153:in `require'
    C:/InstantRails/ruby/lib/ruby/gems/1.8/gems/rails-2.2.2/lib/commands/server.rb:49
    C:/InstantRails/ruby/lib/ruby/site_ruby/1.8/rubygems/custom_require.rb:31:in `gem_original_require'
    C:/InstantRails/ruby/lib/ruby/site_ruby/1.8/rubygems/custom_require.rb:31:in `require'
    script/server:3

Rendered C:/InstantRails/ruby/lib/ruby/gems/1.8/gems/actionpack-2.2.2/lib/action_controller/templates/rescues/_trace (52.0ms)
Rendered C:/InstantRails/ruby/lib/ruby/gems/1.8/gems/actionpack-2.2.2/lib/action_controller/templates/rescues/_request_and_response (1.0ms)
Rendering C:/InstantRails/ruby/lib/ruby/gems/1.8/gems/actionpack-2.2.2/lib/action_controller/templates/rescues/layout.erb (internal_server_error)


Processing MainController#login (for 127.0.0.1 at 2009-07-14 21:53:30) [POST]
  Parameters: {"commit"=>"login", "action"=>"login", "authenticity_token"=>"6b4e7c6ad67b0b3b265fb1de08f0b7e60a9bfdf8", "controller"=>"main", "login"=>"osa", "password"=>"[FILTERED]"}
  [4;36;1mAccount Load (1.0ms)[0m   [0;1mSELECT * FROM "accounts" WHERE ("accounts"."id" = 1) LIMIT 1[0m
  [4;35;1mAccount Load (1.0ms)[0m   [0mSELECT * FROM "accounts" WHERE ("accounts"."password" = '12345' AND "accounts"."username" = 'osa') LIMIT 1[0m
Redirected to actionindexcontrollerosas
Completed in 17ms (DB: 2) | 302 Found [http://localhost/main/login]


Processing ApplicationController#index (for 127.0.0.1 at 2009-07-14 21:53:31) [GET]
  Parameters: {"action"=>"index", "controller"=>"osas"}


SyntaxError (C:/Users/bonn/Documents/bukluran1/Bukluran8/app/controllers/osas_controller.rb:338: syntax error, unexpected kEND
C:/Users/bonn/Documents/bukluran1/Bukluran8/app/controllers/osas_controller.rb:343: syntax error, unexpected kELSE, expecting kEND
C:/Users/bonn/Documents/bukluran1/Bukluran8/app/controllers/osas_controller.rb:371: syntax error, unexpected kEND
C:/Users/bonn/Documents/bukluran1/Bukluran8/app/controllers/osas_controller.rb:376: syntax error, unexpected kELSE, expecting kEND
C:/Users/bonn/Documents/bukluran1/Bukluran8/app/controllers/osas_controller.rb:404: syntax error, unexpected kEND
C:/Users/bonn/Documents/bukluran1/Bukluran8/app/controllers/osas_controller.rb:409: syntax error, unexpected kELSE, expecting kEND
C:/Users/bonn/Documents/bukluran1/Bukluran8/app/controllers/osas_controller.rb:437: syntax error, unexpected kEND
C:/Users/bonn/Documents/bukluran1/Bukluran8/app/controllers/osas_controller.rb:442: syntax error, unexpected kELSE, expecting kEND
C:/Users/bonn/Documents/bukluran1/Bukluran8/app/controllers/osas_controller.rb:480: syntax error, unexpected $end, expecting kEND):
    C:/InstantRails/ruby/lib/ruby/gems/1.8/gems/activesupport-2.2.2/lib/active_support/dependencies.rb:382:in `load_without_new_constant_marking'
    C:/InstantRails/ruby/lib/ruby/gems/1.8/gems/activesupport-2.2.2/lib/active_support/dependencies.rb:382:in `load_file'
    C:/InstantRails/ruby/lib/ruby/gems/1.8/gems/activesupport-2.2.2/lib/active_support/dependencies.rb:521:in `new_constants_in'
    C:/InstantRails/ruby/lib/ruby/gems/1.8/gems/activesupport-2.2.2/lib/active_support/dependencies.rb:381:in `load_file'
    C:/InstantRails/ruby/lib/ruby/gems/1.8/gems/activesupport-2.2.2/lib/active_support/dependencies.rb:256:in `require_or_load'
    C:/InstantRails/ruby/lib/ruby/gems/1.8/gems/activesupport-2.2.2/lib/active_support/dependencies.rb:427:in `load_missing_constant'
    C:/InstantRails/ruby/lib/ruby/gems/1.8/gems/activesupport-2.2.2/lib/active_support/dependencies.rb:77:in `const_missing'
    C:/InstantRails/ruby/lib/ruby/gems/1.8/gems/activesupport-2.2.2/lib/active_support/dependencies.rb:89:in `const_missing'
    C:/InstantRails/ruby/lib/ruby/gems/1.8/gems/activesupport-2.2.2/lib/active_support/inflector.rb:352:in `constantize'
    C:/InstantRails/ruby/lib/ruby/gems/1.8/gems/activesupport-2.2.2/lib/active_support/inflector.rb:351:in `each'
    C:/InstantRails/ruby/lib/ruby/gems/1.8/gems/activesupport-2.2.2/lib/active_support/inflector.rb:351:in `constantize'
    C:/InstantRails/ruby/lib/ruby/gems/1.8/gems/activesupport-2.2.2/lib/active_support/core_ext/string/inflections.rb:162:in `constantize'
    C:/InstantRails/ruby/lib/ruby/gems/1.8/gems/actionpack-2.2.2/lib/action_controller/routing/route_set.rb:388:in `recognize'
    C:/InstantRails/ruby/lib/ruby/gems/1.8/gems/actionpack-2.2.2/lib/action_controller/dispatcher.rb:182:in `handle_request'
    C:/InstantRails/ruby/lib/ruby/gems/1.8/gems/actionpack-2.2.2/lib/action_controller/dispatcher.rb:110:in `dispatch_unlocked'
    C:/InstantRails/ruby/lib/ruby/gems/1.8/gems/actionpack-2.2.2/lib/action_controller/dispatcher.rb:123:in `dispatch'
    C:/InstantRails/ruby/lib/ruby/gems/1.8/gems/actionpack-2.2.2/lib/action_controller/dispatcher.rb:122:in `synchronize'
    C:/InstantRails/ruby/lib/ruby/gems/1.8/gems/actionpack-2.2.2/lib/action_controller/dispatcher.rb:122:in `dispatch'
    C:/InstantRails/ruby/lib/ruby/gems/1.8/gems/actionpack-2.2.2/lib/action_controller/dispatcher.rb:132:in `dispatch_cgi'
    C:/InstantRails/ruby/lib/ruby/gems/1.8/gems/actionpack-2.2.2/lib/action_controller/dispatcher.rb:39:in `dispatch'
    C:/InstantRails/ruby/lib/ruby/gems/1.8/gems/mongrel-1.1.5-x86-mswin32-60/bin/../lib/mongrel/rails.rb:76:in `process'
    C:/InstantRails/ruby/lib/ruby/gems/1.8/gems/mongrel-1.1.5-x86-mswin32-60/bin/../lib/mongrel/rails.rb:74:in `synchronize'
    C:/InstantRails/ruby/lib/ruby/gems/1.8/gems/mongrel-1.1.5-x86-mswin32-60/bin/../lib/mongrel/rails.rb:74:in `process'
    C:/InstantRails/ruby/lib/ruby/gems/1.8/gems/mongrel-1.1.5-x86-mswin32-60/lib/mongrel.rb:159:in `process_client'
    C:/InstantRails/ruby/lib/ruby/gems/1.8/gems/mongrel-1.1.5-x86-mswin32-60/lib/mongrel.rb:158:in `each'
    C:/InstantRails/ruby/lib/ruby/gems/1.8/gems/mongrel-1.1.5-x86-mswin32-60/lib/mongrel.rb:158:in `process_client'
    C:/InstantRails/ruby/lib/ruby/gems/1.8/gems/mongrel-1.1.5-x86-mswin32-60/lib/mongrel.rb:285:in `run'
    C:/InstantRails/ruby/lib/ruby/gems/1.8/gems/mongrel-1.1.5-x86-mswin32-60/lib/mongrel.rb:285:in `initialize'
    C:/InstantRails/ruby/lib/ruby/gems/1.8/gems/mongrel-1.1.5-x86-mswin32-60/lib/mongrel.rb:285:in `new'
    C:/InstantRails/ruby/lib/ruby/gems/1.8/gems/mongrel-1.1.5-x86-mswin32-60/lib/mongrel.rb:285:in `run'
    C:/InstantRails/ruby/lib/ruby/gems/1.8/gems/mongrel-1.1.5-x86-mswin32-60/lib/mongrel.rb:268:in `initialize'
    C:/InstantRails/ruby/lib/ruby/gems/1.8/gems/mongrel-1.1.5-x86-mswin32-60/lib/mongrel.rb:268:in `new'
    C:/InstantRails/ruby/lib/ruby/gems/1.8/gems/mongrel-1.1.5-x86-mswin32-60/lib/mongrel.rb:268:in `run'
    C:/InstantRails/ruby/lib/ruby/gems/1.8/gems/mongrel-1.1.5-x86-mswin32-60/lib/mongrel/configurator.rb:282:in `run'
    C:/InstantRails/ruby/lib/ruby/gems/1.8/gems/mongrel-1.1.5-x86-mswin32-60/lib/mongrel/configurator.rb:281:in `each'
    C:/InstantRails/ruby/lib/ruby/gems/1.8/gems/mongrel-1.1.5-x86-mswin32-60/lib/mongrel/configurator.rb:281:in `run'
    C:/InstantRails/ruby/lib/ruby/gems/1.8/gems/mongrel-1.1.5-x86-mswin32-60/bin/mongrel_rails:128:in `run'
    C:/InstantRails/ruby/lib/ruby/gems/1.8/gems/mongrel-1.1.5-x86-mswin32-60/lib/mongrel/command.rb:212:in `run'
    C:/InstantRails/ruby/lib/ruby/gems/1.8/gems/mongrel-1.1.5-x86-mswin32-60/bin/mongrel_rails:281
    C:/InstantRails/ruby/lib/ruby/gems/1.8/gems/activesupport-2.2.2/lib/active_support/dependencies.rb:142:in `load_without_new_constant_marking'
    C:/InstantRails/ruby/lib/ruby/gems/1.8/gems/activesupport-2.2.2/lib/active_support/dependencies.rb:142:in `load'
    C:/InstantRails/ruby/lib/ruby/gems/1.8/gems/activesupport-2.2.2/lib/active_support/dependencies.rb:521:in `new_constants_in'
    C:/InstantRails/ruby/lib/ruby/gems/1.8/gems/activesupport-2.2.2/lib/active_support/dependencies.rb:142:in `load'
    C:/InstantRails/ruby/lib/ruby/gems/1.8/gems/rails-2.2.2/lib/commands/servers/mongrel.rb:64
    C:/InstantRails/ruby/lib/ruby/site_ruby/1.8/rubygems/custom_require.rb:31:in `gem_original_require'
    C:/InstantRails/ruby/lib/ruby/site_ruby/1.8/rubygems/custom_require.rb:31:in `require'
    C:/InstantRails/ruby/lib/ruby/gems/1.8/gems/activesupport-2.2.2/lib/active_support/dependencies.rb:153:in `require'
    C:/InstantRails/ruby/lib/ruby/gems/1.8/gems/activesupport-2.2.2/lib/active_support/dependencies.rb:521:in `new_constants_in'
    C:/InstantRails/ruby/lib/ruby/gems/1.8/gems/activesupport-2.2.2/lib/active_support/dependencies.rb:153:in `require'
    C:/InstantRails/ruby/lib/ruby/gems/1.8/gems/rails-2.2.2/lib/commands/server.rb:49
    C:/InstantRails/ruby/lib/ruby/site_ruby/1.8/rubygems/custom_require.rb:31:in `gem_original_require'
    C:/InstantRails/ruby/lib/ruby/site_ruby/1.8/rubygems/custom_require.rb:31:in `require'
    script/server:3

Rendered C:/InstantRails/ruby/lib/ruby/gems/1.8/gems/actionpack-2.2.2/lib/action_controller/templates/rescues/_trace (135.0ms)
Rendered C:/InstantRails/ruby/lib/ruby/gems/1.8/gems/actionpack-2.2.2/lib/action_controller/templates/rescues/_request_and_response (1.0ms)
Rendering C:/InstantRails/ruby/lib/ruby/gems/1.8/gems/actionpack-2.2.2/lib/action_controller/templates/rescues/layout.erb (internal_server_error)


Processing ApplicationController#index (for 127.0.0.1 at 2009-07-14 21:53:46) [GET]
  Parameters: {"action"=>"index", "controller"=>"osas"}


SyntaxError (C:/Users/bonn/Documents/bukluran1/Bukluran8/app/controllers/osas_controller.rb:338: syntax error, unexpected kEND
C:/Users/bonn/Documents/bukluran1/Bukluran8/app/controllers/osas_controller.rb:343: syntax error, unexpected kELSE, expecting kEND
C:/Users/bonn/Documents/bukluran1/Bukluran8/app/controllers/osas_controller.rb:371: syntax error, unexpected kEND
C:/Users/bonn/Documents/bukluran1/Bukluran8/app/controllers/osas_controller.rb:376: syntax error, unexpected kELSE, expecting kEND
C:/Users/bonn/Documents/bukluran1/Bukluran8/app/controllers/osas_controller.rb:404: syntax error, unexpected kEND
C:/Users/bonn/Documents/bukluran1/Bukluran8/app/controllers/osas_controller.rb:409: syntax error, unexpected kELSE, expecting kEND
C:/Users/bonn/Documents/bukluran1/Bukluran8/app/controllers/osas_controller.rb:437: syntax error, unexpected kEND
C:/Users/bonn/Documents/bukluran1/Bukluran8/app/controllers/osas_controller.rb:442: syntax error, unexpected kELSE, expecting kEND
C:/Users/bonn/Documents/bukluran1/Bukluran8/app/controllers/osas_controller.rb:480: syntax error, unexpected $end, expecting kEND):
    C:/InstantRails/ruby/lib/ruby/gems/1.8/gems/activesupport-2.2.2/lib/active_support/dependencies.rb:382:in `load_without_new_constant_marking'
    C:/InstantRails/ruby/lib/ruby/gems/1.8/gems/activesupport-2.2.2/lib/active_support/dependencies.rb:382:in `load_file'
    C:/InstantRails/ruby/lib/ruby/gems/1.8/gems/activesupport-2.2.2/lib/active_support/dependencies.rb:521:in `new_constants_in'
    C:/InstantRails/ruby/lib/ruby/gems/1.8/gems/activesupport-2.2.2/lib/active_support/dependencies.rb:381:in `load_file'
    C:/InstantRails/ruby/lib/ruby/gems/1.8/gems/activesupport-2.2.2/lib/active_support/dependencies.rb:256:in `require_or_load'
    C:/InstantRails/ruby/lib/ruby/gems/1.8/gems/activesupport-2.2.2/lib/active_support/dependencies.rb:427:in `load_missing_constant'
    C:/InstantRails/ruby/lib/ruby/gems/1.8/gems/activesupport-2.2.2/lib/active_support/dependencies.rb:77:in `const_missing'
    C:/InstantRails/ruby/lib/ruby/gems/1.8/gems/activesupport-2.2.2/lib/active_support/dependencies.rb:89:in `const_missing'
    C:/InstantRails/ruby/lib/ruby/gems/1.8/gems/activesupport-2.2.2/lib/active_support/inflector.rb:352:in `constantize'
    C:/InstantRails/ruby/lib/ruby/gems/1.8/gems/activesupport-2.2.2/lib/active_support/inflector.rb:351:in `each'
    C:/InstantRails/ruby/lib/ruby/gems/1.8/gems/activesupport-2.2.2/lib/active_support/inflector.rb:351:in `constantize'
    C:/InstantRails/ruby/lib/ruby/gems/1.8/gems/activesupport-2.2.2/lib/active_support/core_ext/string/inflections.rb:162:in `constantize'
    C:/InstantRails/ruby/lib/ruby/gems/1.8/gems/actionpack-2.2.2/lib/action_controller/routing/route_set.rb:388:in `recognize'
    C:/InstantRails/ruby/lib/ruby/gems/1.8/gems/actionpack-2.2.2/lib/action_controller/dispatcher.rb:182:in `handle_request'
    C:/InstantRails/ruby/lib/ruby/gems/1.8/gems/actionpack-2.2.2/lib/action_controller/dispatcher.rb:110:in `dispatch_unlocked'
    C:/InstantRails/ruby/lib/ruby/gems/1.8/gems/actionpack-2.2.2/lib/action_controller/dispatcher.rb:123:in `dispatch'
    C:/InstantRails/ruby/lib/ruby/gems/1.8/gems/actionpack-2.2.2/lib/action_controller/dispatcher.rb:122:in `synchronize'
    C:/InstantRails/ruby/lib/ruby/gems/1.8/gems/actionpack-2.2.2/lib/action_controller/dispatcher.rb:122:in `dispatch'
    C:/InstantRails/ruby/lib/ruby/gems/1.8/gems/actionpack-2.2.2/lib/action_controller/dispatcher.rb:132:in `dispatch_cgi'
    C:/InstantRails/ruby/lib/ruby/gems/1.8/gems/actionpack-2.2.2/lib/action_controller/dispatcher.rb:39:in `dispatch'
    C:/InstantRails/ruby/lib/ruby/gems/1.8/gems/mongrel-1.1.5-x86-mswin32-60/bin/../lib/mongrel/rails.rb:76:in `process'
    C:/InstantRails/ruby/lib/ruby/gems/1.8/gems/mongrel-1.1.5-x86-mswin32-60/bin/../lib/mongrel/rails.rb:74:in `synchronize'
    C:/InstantRails/ruby/lib/ruby/gems/1.8/gems/mongrel-1.1.5-x86-mswin32-60/bin/../lib/mongrel/rails.rb:74:in `process'
    C:/InstantRails/ruby/lib/ruby/gems/1.8/gems/mongrel-1.1.5-x86-mswin32-60/lib/mongrel.rb:159:in `process_client'
    C:/InstantRails/ruby/lib/ruby/gems/1.8/gems/mongrel-1.1.5-x86-mswin32-60/lib/mongrel.rb:158:in `each'
    C:/InstantRails/ruby/lib/ruby/gems/1.8/gems/mongrel-1.1.5-x86-mswin32-60/lib/mongrel.rb:158:in `process_client'
    C:/InstantRails/ruby/lib/ruby/gems/1.8/gems/mongrel-1.1.5-x86-mswin32-60/lib/mongrel.rb:285:in `run'
    C:/InstantRails/ruby/lib/ruby/gems/1.8/gems/mongrel-1.1.5-x86-mswin32-60/lib/mongrel.rb:285:in `initialize'
    C:/InstantRails/ruby/lib/ruby/gems/1.8/gems/mongrel-1.1.5-x86-mswin32-60/lib/mongrel.rb:285:in `new'
    C:/InstantRails/ruby/lib/ruby/gems/1.8/gems/mongrel-1.1.5-x86-mswin32-60/lib/mongrel.rb:285:in `run'
    C:/InstantRails/ruby/lib/ruby/gems/1.8/gems/mongrel-1.1.5-x86-mswin32-60/lib/mongrel.rb:268:in `initialize'
    C:/InstantRails/ruby/lib/ruby/gems/1.8/gems/mongrel-1.1.5-x86-mswin32-60/lib/mongrel.rb:268:in `new'
    C:/InstantRails/ruby/lib/ruby/gems/1.8/gems/mongrel-1.1.5-x86-mswin32-60/lib/mongrel.rb:268:in `run'
    C:/InstantRails/ruby/lib/ruby/gems/1.8/gems/mongrel-1.1.5-x86-mswin32-60/lib/mongrel/configurator.rb:282:in `run'
    C:/InstantRails/ruby/lib/ruby/gems/1.8/gems/mongrel-1.1.5-x86-mswin32-60/lib/mongrel/configurator.rb:281:in `each'
    C:/InstantRails/ruby/lib/ruby/gems/1.8/gems/mongrel-1.1.5-x86-mswin32-60/lib/mongrel/configurator.rb:281:in `run'
    C:/InstantRails/ruby/lib/ruby/gems/1.8/gems/mongrel-1.1.5-x86-mswin32-60/bin/mongrel_rails:128:in `run'
    C:/InstantRails/ruby/lib/ruby/gems/1.8/gems/mongrel-1.1.5-x86-mswin32-60/lib/mongrel/command.rb:212:in `run'
    C:/InstantRails/ruby/lib/ruby/gems/1.8/gems/mongrel-1.1.5-x86-mswin32-60/bin/mongrel_rails:281
    C:/InstantRails/ruby/lib/ruby/gems/1.8/gems/activesupport-2.2.2/lib/active_support/dependencies.rb:142:in `load_without_new_constant_marking'
    C:/InstantRails/ruby/lib/ruby/gems/1.8/gems/activesupport-2.2.2/lib/active_support/dependencies.rb:142:in `load'
    C:/InstantRails/ruby/lib/ruby/gems/1.8/gems/activesupport-2.2.2/lib/active_support/dependencies.rb:521:in `new_constants_in'
    C:/InstantRails/ruby/lib/ruby/gems/1.8/gems/activesupport-2.2.2/lib/active_support/dependencies.rb:142:in `load'
    C:/InstantRails/ruby/lib/ruby/gems/1.8/gems/rails-2.2.2/lib/commands/servers/mongrel.rb:64
    C:/InstantRails/ruby/lib/ruby/site_ruby/1.8/rubygems/custom_require.rb:31:in `gem_original_require'
    C:/InstantRails/ruby/lib/ruby/site_ruby/1.8/rubygems/custom_require.rb:31:in `require'
    C:/InstantRails/ruby/lib/ruby/gems/1.8/gems/activesupport-2.2.2/lib/active_support/dependencies.rb:153:in `require'
    C:/InstantRails/ruby/lib/ruby/gems/1.8/gems/activesupport-2.2.2/lib/active_support/dependencies.rb:521:in `new_constants_in'
    C:/InstantRails/ruby/lib/ruby/gems/1.8/gems/activesupport-2.2.2/lib/active_support/dependencies.rb:153:in `require'
    C:/InstantRails/ruby/lib/ruby/gems/1.8/gems/rails-2.2.2/lib/commands/server.rb:49
    C:/InstantRails/ruby/lib/ruby/site_ruby/1.8/rubygems/custom_require.rb:31:in `gem_original_require'
    C:/InstantRails/ruby/lib/ruby/site_ruby/1.8/rubygems/custom_require.rb:31:in `require'
    script/server:3

Rendered C:/InstantRails/ruby/lib/ruby/gems/1.8/gems/actionpack-2.2.2/lib/action_controller/templates/rescues/_trace (61.0ms)
Rendered C:/InstantRails/ruby/lib/ruby/gems/1.8/gems/actionpack-2.2.2/lib/action_controller/templates/rescues/_request_and_response (1.0ms)
Rendering C:/InstantRails/ruby/lib/ruby/gems/1.8/gems/actionpack-2.2.2/lib/action_controller/templates/rescues/layout.erb (internal_server_error)


Processing MainController#login (for 127.0.0.1 at 2009-07-14 22:26:07) [POST]
  Parameters: {"commit"=>"login", "action"=>"login", "authenticity_token"=>"6b4e7c6ad67b0b3b265fb1de08f0b7e60a9bfdf8", "controller"=>"main", "login"=>"osa", "password"=>"[FILTERED]"}
  [4;36;1mAccount Load (0.0ms)[0m   [0;1mSELECT * FROM "accounts" WHERE ("accounts"."id" = 1) LIMIT 1[0m
  [4;35;1mAccount Load (0.0ms)[0m   [0mSELECT * FROM "accounts" WHERE ("accounts"."password" = '12345' AND "accounts"."username" = 'osa') LIMIT 1[0m
Redirected to actionindexcontrollerosas
Completed in 18ms (DB: 0) | 302 Found [http://localhost/main/login]


Processing ApplicationController#index (for 127.0.0.1 at 2009-07-14 22:26:07) [GET]
  Parameters: {"action"=>"index", "controller"=>"osas"}


SyntaxError (C:/Users/bonn/Documents/bukluran1/Bukluran8/app/controllers/osas_controller.rb:338: syntax error, unexpected kEND
C:/Users/bonn/Documents/bukluran1/Bukluran8/app/controllers/osas_controller.rb:343: syntax error, unexpected kELSE, expecting kEND
C:/Users/bonn/Documents/bukluran1/Bukluran8/app/controllers/osas_controller.rb:371: syntax error, unexpected kEND
C:/Users/bonn/Documents/bukluran1/Bukluran8/app/controllers/osas_controller.rb:376: syntax error, unexpected kELSE, expecting kEND
C:/Users/bonn/Documents/bukluran1/Bukluran8/app/controllers/osas_controller.rb:404: syntax error, unexpected kEND
C:/Users/bonn/Documents/bukluran1/Bukluran8/app/controllers/osas_controller.rb:409: syntax error, unexpected kELSE, expecting kEND
C:/Users/bonn/Documents/bukluran1/Bukluran8/app/controllers/osas_controller.rb:437: syntax error, unexpected kEND
C:/Users/bonn/Documents/bukluran1/Bukluran8/app/controllers/osas_controller.rb:442: syntax error, unexpected kELSE, expecting kEND
C:/Users/bonn/Documents/bukluran1/Bukluran8/app/controllers/osas_controller.rb:480: syntax error, unexpected $end, expecting kEND):
    C:/InstantRails/ruby/lib/ruby/gems/1.8/gems/activesupport-2.2.2/lib/active_support/dependencies.rb:382:in `load_without_new_constant_marking'
    C:/InstantRails/ruby/lib/ruby/gems/1.8/gems/activesupport-2.2.2/lib/active_support/dependencies.rb:382:in `load_file'
    C:/InstantRails/ruby/lib/ruby/gems/1.8/gems/activesupport-2.2.2/lib/active_support/dependencies.rb:521:in `new_constants_in'
    C:/InstantRails/ruby/lib/ruby/gems/1.8/gems/activesupport-2.2.2/lib/active_support/dependencies.rb:381:in `load_file'
    C:/InstantRails/ruby/lib/ruby/gems/1.8/gems/activesupport-2.2.2/lib/active_support/dependencies.rb:256:in `require_or_load'
    C:/InstantRails/ruby/lib/ruby/gems/1.8/gems/activesupport-2.2.2/lib/active_support/dependencies.rb:427:in `load_missing_constant'
    C:/InstantRails/ruby/lib/ruby/gems/1.8/gems/activesupport-2.2.2/lib/active_support/dependencies.rb:77:in `const_missing'
    C:/InstantRails/ruby/lib/ruby/gems/1.8/gems/activesupport-2.2.2/lib/active_support/dependencies.rb:89:in `const_missing'
    C:/InstantRails/ruby/lib/ruby/gems/1.8/gems/activesupport-2.2.2/lib/active_support/inflector.rb:352:in `constantize'
    C:/InstantRails/ruby/lib/ruby/gems/1.8/gems/activesupport-2.2.2/lib/active_support/inflector.rb:351:in `each'
    C:/InstantRails/ruby/lib/ruby/gems/1.8/gems/activesupport-2.2.2/lib/active_support/inflector.rb:351:in `constantize'
    C:/InstantRails/ruby/lib/ruby/gems/1.8/gems/activesupport-2.2.2/lib/active_support/core_ext/string/inflections.rb:162:in `constantize'
    C:/InstantRails/ruby/lib/ruby/gems/1.8/gems/actionpack-2.2.2/lib/action_controller/routing/route_set.rb:388:in `recognize'
    C:/InstantRails/ruby/lib/ruby/gems/1.8/gems/actionpack-2.2.2/lib/action_controller/dispatcher.rb:182:in `handle_request'
    C:/InstantRails/ruby/lib/ruby/gems/1.8/gems/actionpack-2.2.2/lib/action_controller/dispatcher.rb:110:in `dispatch_unlocked'
    C:/InstantRails/ruby/lib/ruby/gems/1.8/gems/actionpack-2.2.2/lib/action_controller/dispatcher.rb:123:in `dispatch'
    C:/InstantRails/ruby/lib/ruby/gems/1.8/gems/actionpack-2.2.2/lib/action_controller/dispatcher.rb:122:in `synchronize'
    C:/InstantRails/ruby/lib/ruby/gems/1.8/gems/actionpack-2.2.2/lib/action_controller/dispatcher.rb:122:in `dispatch'
    C:/InstantRails/ruby/lib/ruby/gems/1.8/gems/actionpack-2.2.2/lib/action_controller/dispatcher.rb:132:in `dispatch_cgi'
    C:/InstantRails/ruby/lib/ruby/gems/1.8/gems/actionpack-2.2.2/lib/action_controller/dispatcher.rb:39:in `dispatch'
    C:/InstantRails/ruby/lib/ruby/gems/1.8/gems/mongrel-1.1.5-x86-mswin32-60/bin/../lib/mongrel/rails.rb:76:in `process'
    C:/InstantRails/ruby/lib/ruby/gems/1.8/gems/mongrel-1.1.5-x86-mswin32-60/bin/../lib/mongrel/rails.rb:74:in `synchronize'
    C:/InstantRails/ruby/lib/ruby/gems/1.8/gems/mongrel-1.1.5-x86-mswin32-60/bin/../lib/mongrel/rails.rb:74:in `process'
    C:/InstantRails/ruby/lib/ruby/gems/1.8/gems/mongrel-1.1.5-x86-mswin32-60/lib/mongrel.rb:159:in `process_client'
    C:/InstantRails/ruby/lib/ruby/gems/1.8/gems/mongrel-1.1.5-x86-mswin32-60/lib/mongrel.rb:158:in `each'
    C:/InstantRails/ruby/lib/ruby/gems/1.8/gems/mongrel-1.1.5-x86-mswin32-60/lib/mongrel.rb:158:in `process_client'
    C:/InstantRails/ruby/lib/ruby/gems/1.8/gems/mongrel-1.1.5-x86-mswin32-60/lib/mongrel.rb:285:in `run'
    C:/InstantRails/ruby/lib/ruby/gems/1.8/gems/mongrel-1.1.5-x86-mswin32-60/lib/mongrel.rb:285:in `initialize'
    C:/InstantRails/ruby/lib/ruby/gems/1.8/gems/mongrel-1.1.5-x86-mswin32-60/lib/mongrel.rb:285:in `new'
    C:/InstantRails/ruby/lib/ruby/gems/1.8/gems/mongrel-1.1.5-x86-mswin32-60/lib/mongrel.rb:285:in `run'
    C:/InstantRails/ruby/lib/ruby/gems/1.8/gems/mongrel-1.1.5-x86-mswin32-60/lib/mongrel.rb:268:in `initialize'
    C:/InstantRails/ruby/lib/ruby/gems/1.8/gems/mongrel-1.1.5-x86-mswin32-60/lib/mongrel.rb:268:in `new'
    C:/InstantRails/ruby/lib/ruby/gems/1.8/gems/mongrel-1.1.5-x86-mswin32-60/lib/mongrel.rb:268:in `run'
    C:/InstantRails/ruby/lib/ruby/gems/1.8/gems/mongrel-1.1.5-x86-mswin32-60/lib/mongrel/configurator.rb:282:in `run'
    C:/InstantRails/ruby/lib/ruby/gems/1.8/gems/mongrel-1.1.5-x86-mswin32-60/lib/mongrel/configurator.rb:281:in `each'
    C:/InstantRails/ruby/lib/ruby/gems/1.8/gems/mongrel-1.1.5-x86-mswin32-60/lib/mongrel/configurator.rb:281:in `run'
    C:/InstantRails/ruby/lib/ruby/gems/1.8/gems/mongrel-1.1.5-x86-mswin32-60/bin/mongrel_rails:128:in `run'
    C:/InstantRails/ruby/lib/ruby/gems/1.8/gems/mongrel-1.1.5-x86-mswin32-60/lib/mongrel/command.rb:212:in `run'
    C:/InstantRails/ruby/lib/ruby/gems/1.8/gems/mongrel-1.1.5-x86-mswin32-60/bin/mongrel_rails:281
    C:/InstantRails/ruby/lib/ruby/gems/1.8/gems/activesupport-2.2.2/lib/active_support/dependencies.rb:142:in `load_without_new_constant_marking'
    C:/InstantRails/ruby/lib/ruby/gems/1.8/gems/activesupport-2.2.2/lib/active_support/dependencies.rb:142:in `load'
    C:/InstantRails/ruby/lib/ruby/gems/1.8/gems/activesupport-2.2.2/lib/active_support/dependencies.rb:521:in `new_constants_in'
    C:/InstantRails/ruby/lib/ruby/gems/1.8/gems/activesupport-2.2.2/lib/active_support/dependencies.rb:142:in `load'
    C:/InstantRails/ruby/lib/ruby/gems/1.8/gems/rails-2.2.2/lib/commands/servers/mongrel.rb:64
    C:/InstantRails/ruby/lib/ruby/site_ruby/1.8/rubygems/custom_require.rb:31:in `gem_original_require'
    C:/InstantRails/ruby/lib/ruby/site_ruby/1.8/rubygems/custom_require.rb:31:in `require'
    C:/InstantRails/ruby/lib/ruby/gems/1.8/gems/activesupport-2.2.2/lib/active_support/dependencies.rb:153:in `require'
    C:/InstantRails/ruby/lib/ruby/gems/1.8/gems/activesupport-2.2.2/lib/active_support/dependencies.rb:521:in `new_constants_in'
    C:/InstantRails/ruby/lib/ruby/gems/1.8/gems/activesupport-2.2.2/lib/active_support/dependencies.rb:153:in `require'
    C:/InstantRails/ruby/lib/ruby/gems/1.8/gems/rails-2.2.2/lib/commands/server.rb:49
    C:/InstantRails/ruby/lib/ruby/site_ruby/1.8/rubygems/custom_require.rb:31:in `gem_original_require'
    C:/InstantRails/ruby/lib/ruby/site_ruby/1.8/rubygems/custom_require.rb:31:in `require'
    script/server:3

Rendered C:/InstantRails/ruby/lib/ruby/gems/1.8/gems/actionpack-2.2.2/lib/action_controller/templates/rescues/_trace (133.0ms)
Rendered C:/InstantRails/ruby/lib/ruby/gems/1.8/gems/actionpack-2.2.2/lib/action_controller/templates/rescues/_request_and_response (2.0ms)
Rendering C:/InstantRails/ruby/lib/ruby/gems/1.8/gems/actionpack-2.2.2/lib/action_controller/templates/rescues/layout.erb (internal_server_error)


Processing ApplicationController#index (for 127.0.0.1 at 2009-07-14 22:56:19) [GET]
  Parameters: {"action"=>"index", "controller"=>"osas"}


SyntaxError (C:/Users/bonn/Documents/bukluran1/Bukluran8/app/controllers/osas_controller.rb:338: syntax error, unexpected '}'
C:/Users/bonn/Documents/bukluran1/Bukluran8/app/controllers/osas_controller.rb:342: syntax error, unexpected kEND, expecting '}'
C:/Users/bonn/Documents/bukluran1/Bukluran8/app/controllers/osas_controller.rb:345: syntax error, unexpected kEND, expecting '}'
C:/Users/bonn/Documents/bukluran1/Bukluran8/app/controllers/osas_controller.rb:349: syntax error, unexpected kEND, expecting '}'
C:/Users/bonn/Documents/bukluran1/Bukluran8/app/controllers/osas_controller.rb:371: syntax error, unexpected '}'
C:/Users/bonn/Documents/bukluran1/Bukluran8/app/controllers/osas_controller.rb:375: syntax error, unexpected kEND, expecting '}'
C:/Users/bonn/Documents/bukluran1/Bukluran8/app/controllers/osas_controller.rb:378: syntax error, unexpected kEND, expecting '}'
C:/Users/bonn/Documents/bukluran1/Bukluran8/app/controllers/osas_controller.rb:382: syntax error, unexpected kEND, expecting '}'
C:/Users/bonn/Documents/bukluran1/Bukluran8/app/controllers/osas_controller.rb:404: syntax error, unexpected '}'
C:/Users/bonn/Documents/bukluran1/Bukluran8/app/controllers/osas_controller.rb:408: syntax error, unexpected kEND, expecting '}'
C:/Users/bonn/Documents/bukluran1/Bukluran8/app/controllers/osas_controller.rb:411: syntax error, unexpected kEND, expecting '}'
C:/Users/bonn/Documents/bukluran1/Bukluran8/app/controllers/osas_controller.rb:415: syntax error, unexpected kEND, expecting '}'
C:/Users/bonn/Documents/bukluran1/Bukluran8/app/controllers/osas_controller.rb:437: syntax error, unexpected '}'
C:/Users/bonn/Documents/bukluran1/Bukluran8/app/controllers/osas_controller.rb:441: syntax error, unexpected kEND, expecting '}'
C:/Users/bonn/Documents/bukluran1/Bukluran8/app/controllers/osas_controller.rb:444: syntax error, unexpected kEND, expecting '}'
C:/Users/bonn/Documents/bukluran1/Bukluran8/app/controllers/osas_controller.rb:448: syntax error, unexpected kEND, expecting '}'
C:/Users/bonn/Documents/bukluran1/Bukluran8/app/controllers/osas_controller.rb:480: syntax error, unexpected kEND, expecting '}'):
    C:/InstantRails/ruby/lib/ruby/gems/1.8/gems/activesupport-2.2.2/lib/active_support/dependencies.rb:382:in `load_without_new_constant_marking'
    C:/InstantRails/ruby/lib/ruby/gems/1.8/gems/activesupport-2.2.2/lib/active_support/dependencies.rb:382:in `load_file'
    C:/InstantRails/ruby/lib/ruby/gems/1.8/gems/activesupport-2.2.2/lib/active_support/dependencies.rb:521:in `new_constants_in'
    C:/InstantRails/ruby/lib/ruby/gems/1.8/gems/activesupport-2.2.2/lib/active_support/dependencies.rb:381:in `load_file'
    C:/InstantRails/ruby/lib/ruby/gems/1.8/gems/activesupport-2.2.2/lib/active_support/dependencies.rb:256:in `require_or_load'
    C:/InstantRails/ruby/lib/ruby/gems/1.8/gems/activesupport-2.2.2/lib/active_support/dependencies.rb:427:in `load_missing_constant'
    C:/InstantRails/ruby/lib/ruby/gems/1.8/gems/activesupport-2.2.2/lib/active_support/dependencies.rb:77:in `const_missing'
    C:/InstantRails/ruby/lib/ruby/gems/1.8/gems/activesupport-2.2.2/lib/active_support/dependencies.rb:89:in `const_missing'
    C:/InstantRails/ruby/lib/ruby/gems/1.8/gems/activesupport-2.2.2/lib/active_support/inflector.rb:352:in `constantize'
    C:/InstantRails/ruby/lib/ruby/gems/1.8/gems/activesupport-2.2.2/lib/active_support/inflector.rb:351:in `each'
    C:/InstantRails/ruby/lib/ruby/gems/1.8/gems/activesupport-2.2.2/lib/active_support/inflector.rb:351:in `constantize'
    C:/InstantRails/ruby/lib/ruby/gems/1.8/gems/activesupport-2.2.2/lib/active_support/core_ext/string/inflections.rb:162:in `constantize'
    C:/InstantRails/ruby/lib/ruby/gems/1.8/gems/actionpack-2.2.2/lib/action_controller/routing/route_set.rb:388:in `recognize'
    C:/InstantRails/ruby/lib/ruby/gems/1.8/gems/actionpack-2.2.2/lib/action_controller/dispatcher.rb:182:in `handle_request'
    C:/InstantRails/ruby/lib/ruby/gems/1.8/gems/actionpack-2.2.2/lib/action_controller/dispatcher.rb:110:in `dispatch_unlocked'
    C:/InstantRails/ruby/lib/ruby/gems/1.8/gems/actionpack-2.2.2/lib/action_controller/dispatcher.rb:123:in `dispatch'
    C:/InstantRails/ruby/lib/ruby/gems/1.8/gems/actionpack-2.2.2/lib/action_controller/dispatcher.rb:122:in `synchronize'
    C:/InstantRails/ruby/lib/ruby/gems/1.8/gems/actionpack-2.2.2/lib/action_controller/dispatcher.rb:122:in `dispatch'
    C:/InstantRails/ruby/lib/ruby/gems/1.8/gems/actionpack-2.2.2/lib/action_controller/dispatcher.rb:132:in `dispatch_cgi'
    C:/InstantRails/ruby/lib/ruby/gems/1.8/gems/actionpack-2.2.2/lib/action_controller/dispatcher.rb:39:in `dispatch'
    C:/InstantRails/ruby/lib/ruby/gems/1.8/gems/mongrel-1.1.5-x86-mswin32-60/bin/../lib/mongrel/rails.rb:76:in `process'
    C:/InstantRails/ruby/lib/ruby/gems/1.8/gems/mongrel-1.1.5-x86-mswin32-60/bin/../lib/mongrel/rails.rb:74:in `synchronize'
    C:/InstantRails/ruby/lib/ruby/gems/1.8/gems/mongrel-1.1.5-x86-mswin32-60/bin/../lib/mongrel/rails.rb:74:in `process'
    C:/InstantRails/ruby/lib/ruby/gems/1.8/gems/mongrel-1.1.5-x86-mswin32-60/lib/mongrel.rb:159:in `process_client'
    C:/InstantRails/ruby/lib/ruby/gems/1.8/gems/mongrel-1.1.5-x86-mswin32-60/lib/mongrel.rb:158:in `each'
    C:/InstantRails/ruby/lib/ruby/gems/1.8/gems/mongrel-1.1.5-x86-mswin32-60/lib/mongrel.rb:158:in `process_client'
    C:/InstantRails/ruby/lib/ruby/gems/1.8/gems/mongrel-1.1.5-x86-mswin32-60/lib/mongrel.rb:285:in `run'
    C:/InstantRails/ruby/lib/ruby/gems/1.8/gems/mongrel-1.1.5-x86-mswin32-60/lib/mongrel.rb:285:in `initialize'
    C:/InstantRails/ruby/lib/ruby/gems/1.8/gems/mongrel-1.1.5-x86-mswin32-60/lib/mongrel.rb:285:in `new'
    C:/InstantRails/ruby/lib/ruby/gems/1.8/gems/mongrel-1.1.5-x86-mswin32-60/lib/mongrel.rb:285:in `run'
    C:/InstantRails/ruby/lib/ruby/gems/1.8/gems/mongrel-1.1.5-x86-mswin32-60/lib/mongrel.rb:268:in `initialize'
    C:/InstantRails/ruby/lib/ruby/gems/1.8/gems/mongrel-1.1.5-x86-mswin32-60/lib/mongrel.rb:268:in `new'
    C:/InstantRails/ruby/lib/ruby/gems/1.8/gems/mongrel-1.1.5-x86-mswin32-60/lib/mongrel.rb:268:in `run'
    C:/InstantRails/ruby/lib/ruby/gems/1.8/gems/mongrel-1.1.5-x86-mswin32-60/lib/mongrel/configurator.rb:282:in `run'
    C:/InstantRails/ruby/lib/ruby/gems/1.8/gems/mongrel-1.1.5-x86-mswin32-60/lib/mongrel/configurator.rb:281:in `each'
    C:/InstantRails/ruby/lib/ruby/gems/1.8/gems/mongrel-1.1.5-x86-mswin32-60/lib/mongrel/configurator.rb:281:in `run'
    C:/InstantRails/ruby/lib/ruby/gems/1.8/gems/mongrel-1.1.5-x86-mswin32-60/bin/mongrel_rails:128:in `run'
    C:/InstantRails/ruby/lib/ruby/gems/1.8/gems/mongrel-1.1.5-x86-mswin32-60/lib/mongrel/command.rb:212:in `run'
    C:/InstantRails/ruby/lib/ruby/gems/1.8/gems/mongrel-1.1.5-x86-mswin32-60/bin/mongrel_rails:281
    C:/InstantRails/ruby/lib/ruby/gems/1.8/gems/activesupport-2.2.2/lib/active_support/dependencies.rb:142:in `load_without_new_constant_marking'
    C:/InstantRails/ruby/lib/ruby/gems/1.8/gems/activesupport-2.2.2/lib/active_support/dependencies.rb:142:in `load'
    C:/InstantRails/ruby/lib/ruby/gems/1.8/gems/activesupport-2.2.2/lib/active_support/dependencies.rb:521:in `new_constants_in'
    C:/InstantRails/ruby/lib/ruby/gems/1.8/gems/activesupport-2.2.2/lib/active_support/dependencies.rb:142:in `load'
    C:/InstantRails/ruby/lib/ruby/gems/1.8/gems/rails-2.2.2/lib/commands/servers/mongrel.rb:64
    C:/InstantRails/ruby/lib/ruby/site_ruby/1.8/rubygems/custom_require.rb:31:in `gem_original_require'
    C:/InstantRails/ruby/lib/ruby/site_ruby/1.8/rubygems/custom_require.rb:31:in `require'
    C:/InstantRails/ruby/lib/ruby/gems/1.8/gems/activesupport-2.2.2/lib/active_support/dependencies.rb:153:in `require'
    C:/InstantRails/ruby/lib/ruby/gems/1.8/gems/activesupport-2.2.2/lib/active_support/dependencies.rb:521:in `new_constants_in'
    C:/InstantRails/ruby/lib/ruby/gems/1.8/gems/activesupport-2.2.2/lib/active_support/dependencies.rb:153:in `require'
    C:/InstantRails/ruby/lib/ruby/gems/1.8/gems/rails-2.2.2/lib/commands/server.rb:49
    C:/InstantRails/ruby/lib/ruby/site_ruby/1.8/rubygems/custom_require.rb:31:in `gem_original_require'
    C:/InstantRails/ruby/lib/ruby/site_ruby/1.8/rubygems/custom_require.rb:31:in `require'
    script/server:3

Rendered C:/InstantRails/ruby/lib/ruby/gems/1.8/gems/actionpack-2.2.2/lib/action_controller/templates/rescues/_trace (53.0ms)
Rendered C:/InstantRails/ruby/lib/ruby/gems/1.8/gems/actionpack-2.2.2/lib/action_controller/templates/rescues/_request_and_response (1.0ms)
Rendering C:/InstantRails/ruby/lib/ruby/gems/1.8/gems/actionpack-2.2.2/lib/action_controller/templates/rescues/layout.erb (internal_server_error)


Processing MainController#index (for 127.0.0.1 at 2009-07-14 23:52:27) [GET]
  Parameters: {"action"=>"index", "controller"=>"main"}
  [4;36;1mAccount Load (0.0ms)[0m   [0;1mSELECT * FROM "accounts" WHERE ("accounts"."id" = 1) LIMIT 1[0m
  [4;35;1mAnnouncement Load (1.0ms)[0m   [0mSELECT * FROM "announcements" [0m
Rendering template within layouts/application
Rendering main/index
Completed in 31ms (View: 10, DB: 1) | 200 OK [http://localhost/]


Processing MainController#login (for 127.0.0.1 at 2009-07-14 23:52:36) [POST]
  Parameters: {"commit"=>"login", "action"=>"login", "authenticity_token"=>"6b4e7c6ad67b0b3b265fb1de08f0b7e60a9bfdf8", "controller"=>"main", "login"=>"osa", "password"=>"[FILTERED]"}
  [4;36;1mAccount Load (1.0ms)[0m   [0;1mSELECT * FROM "accounts" WHERE ("accounts"."id" = 1) LIMIT 1[0m
  [4;35;1mAccount Load (0.0ms)[0m   [0mSELECT * FROM "accounts" WHERE ("accounts"."password" = '12345' AND "accounts"."username" = 'osa') LIMIT 1[0m
Redirected to actionindexcontrollerosas
Completed in 17ms (DB: 1) | 302 Found [http://localhost/main/login]


Processing ApplicationController#index (for 127.0.0.1 at 2009-07-14 23:52:36) [GET]
  Parameters: {"action"=>"index", "controller"=>"osas"}


SyntaxError (C:/Users/bonn/Documents/bukluran1/Bukluran8/app/controllers/osas_controller.rb:338: syntax error, unexpected kEND
C:/Users/bonn/Documents/bukluran1/Bukluran8/app/controllers/osas_controller.rb:343: syntax error, unexpected kELSE, expecting kEND
C:/Users/bonn/Documents/bukluran1/Bukluran8/app/controllers/osas_controller.rb:371: syntax error, unexpected kEND
C:/Users/bonn/Documents/bukluran1/Bukluran8/app/controllers/osas_controller.rb:376: syntax error, unexpected kELSE, expecting kEND
C:/Users/bonn/Documents/bukluran1/Bukluran8/app/controllers/osas_controller.rb:404: syntax error, unexpected kEND
C:/Users/bonn/Documents/bukluran1/Bukluran8/app/controllers/osas_controller.rb:409: syntax error, unexpected kELSE, expecting kEND
C:/Users/bonn/Documents/bukluran1/Bukluran8/app/controllers/osas_controller.rb:437: syntax error, unexpected kEND
C:/Users/bonn/Documents/bukluran1/Bukluran8/app/controllers/osas_controller.rb:442: syntax error, unexpected kELSE, expecting kEND
C:/Users/bonn/Documents/bukluran1/Bukluran8/app/controllers/osas_controller.rb:480: syntax error, unexpected $end, expecting kEND):
    C:/InstantRails/ruby/lib/ruby/gems/1.8/gems/activesupport-2.2.2/lib/active_support/dependencies.rb:382:in `load_without_new_constant_marking'
    C:/InstantRails/ruby/lib/ruby/gems/1.8/gems/activesupport-2.2.2/lib/active_support/dependencies.rb:382:in `load_file'
    C:/InstantRails/ruby/lib/ruby/gems/1.8/gems/activesupport-2.2.2/lib/active_support/dependencies.rb:521:in `new_constants_in'
    C:/InstantRails/ruby/lib/ruby/gems/1.8/gems/activesupport-2.2.2/lib/active_support/dependencies.rb:381:in `load_file'
    C:/InstantRails/ruby/lib/ruby/gems/1.8/gems/activesupport-2.2.2/lib/active_support/dependencies.rb:256:in `require_or_load'
    C:/InstantRails/ruby/lib/ruby/gems/1.8/gems/activesupport-2.2.2/lib/active_support/dependencies.rb:427:in `load_missing_constant'
    C:/InstantRails/ruby/lib/ruby/gems/1.8/gems/activesupport-2.2.2/lib/active_support/dependencies.rb:77:in `const_missing'
    C:/InstantRails/ruby/lib/ruby/gems/1.8/gems/activesupport-2.2.2/lib/active_support/dependencies.rb:89:in `const_missing'
    C:/InstantRails/ruby/lib/ruby/gems/1.8/gems/activesupport-2.2.2/lib/active_support/inflector.rb:352:in `constantize'
    C:/InstantRails/ruby/lib/ruby/gems/1.8/gems/activesupport-2.2.2/lib/active_support/inflector.rb:351:in `each'
    C:/InstantRails/ruby/lib/ruby/gems/1.8/gems/activesupport-2.2.2/lib/active_support/inflector.rb:351:in `constantize'
    C:/InstantRails/ruby/lib/ruby/gems/1.8/gems/activesupport-2.2.2/lib/active_support/core_ext/string/inflections.rb:162:in `constantize'
    C:/InstantRails/ruby/lib/ruby/gems/1.8/gems/actionpack-2.2.2/lib/action_controller/routing/route_set.rb:388:in `recognize'
    C:/InstantRails/ruby/lib/ruby/gems/1.8/gems/actionpack-2.2.2/lib/action_controller/dispatcher.rb:182:in `handle_request'
    C:/InstantRails/ruby/lib/ruby/gems/1.8/gems/actionpack-2.2.2/lib/action_controller/dispatcher.rb:110:in `dispatch_unlocked'
    C:/InstantRails/ruby/lib/ruby/gems/1.8/gems/actionpack-2.2.2/lib/action_controller/dispatcher.rb:123:in `dispatch'
    C:/InstantRails/ruby/lib/ruby/gems/1.8/gems/actionpack-2.2.2/lib/action_controller/dispatcher.rb:122:in `synchronize'
    C:/InstantRails/ruby/lib/ruby/gems/1.8/gems/actionpack-2.2.2/lib/action_controller/dispatcher.rb:122:in `dispatch'
    C:/InstantRails/ruby/lib/ruby/gems/1.8/gems/actionpack-2.2.2/lib/action_controller/dispatcher.rb:132:in `dispatch_cgi'
    C:/InstantRails/ruby/lib/ruby/gems/1.8/gems/actionpack-2.2.2/lib/action_controller/dispatcher.rb:39:in `dispatch'
    C:/InstantRails/ruby/lib/ruby/gems/1.8/gems/mongrel-1.1.5-x86-mswin32-60/bin/../lib/mongrel/rails.rb:76:in `process'
    C:/InstantRails/ruby/lib/ruby/gems/1.8/gems/mongrel-1.1.5-x86-mswin32-60/bin/../lib/mongrel/rails.rb:74:in `synchronize'
    C:/InstantRails/ruby/lib/ruby/gems/1.8/gems/mongrel-1.1.5-x86-mswin32-60/bin/../lib/mongrel/rails.rb:74:in `process'
    C:/InstantRails/ruby/lib/ruby/gems/1.8/gems/mongrel-1.1.5-x86-mswin32-60/lib/mongrel.rb:159:in `process_client'
    C:/InstantRails/ruby/lib/ruby/gems/1.8/gems/mongrel-1.1.5-x86-mswin32-60/lib/mongrel.rb:158:in `each'
    C:/InstantRails/ruby/lib/ruby/gems/1.8/gems/mongrel-1.1.5-x86-mswin32-60/lib/mongrel.rb:158:in `process_client'
    C:/InstantRails/ruby/lib/ruby/gems/1.8/gems/mongrel-1.1.5-x86-mswin32-60/lib/mongrel.rb:285:in `run'
    C:/InstantRails/ruby/lib/ruby/gems/1.8/gems/mongrel-1.1.5-x86-mswin32-60/lib/mongrel.rb:285:in `initialize'
    C:/InstantRails/ruby/lib/ruby/gems/1.8/gems/mongrel-1.1.5-x86-mswin32-60/lib/mongrel.rb:285:in `new'
    C:/InstantRails/ruby/lib/ruby/gems/1.8/gems/mongrel-1.1.5-x86-mswin32-60/lib/mongrel.rb:285:in `run'
    C:/InstantRails/ruby/lib/ruby/gems/1.8/gems/mongrel-1.1.5-x86-mswin32-60/lib/mongrel.rb:268:in `initialize'
    C:/InstantRails/ruby/lib/ruby/gems/1.8/gems/mongrel-1.1.5-x86-mswin32-60/lib/mongrel.rb:268:in `new'
    C:/InstantRails/ruby/lib/ruby/gems/1.8/gems/mongrel-1.1.5-x86-mswin32-60/lib/mongrel.rb:268:in `run'
    C:/InstantRails/ruby/lib/ruby/gems/1.8/gems/mongrel-1.1.5-x86-mswin32-60/lib/mongrel/configurator.rb:282:in `run'
    C:/InstantRails/ruby/lib/ruby/gems/1.8/gems/mongrel-1.1.5-x86-mswin32-60/lib/mongrel/configurator.rb:281:in `each'
    C:/InstantRails/ruby/lib/ruby/gems/1.8/gems/mongrel-1.1.5-x86-mswin32-60/lib/mongrel/configurator.rb:281:in `run'
    C:/InstantRails/ruby/lib/ruby/gems/1.8/gems/mongrel-1.1.5-x86-mswin32-60/bin/mongrel_rails:128:in `run'
    C:/InstantRails/ruby/lib/ruby/gems/1.8/gems/mongrel-1.1.5-x86-mswin32-60/lib/mongrel/command.rb:212:in `run'
    C:/InstantRails/ruby/lib/ruby/gems/1.8/gems/mongrel-1.1.5-x86-mswin32-60/bin/mongrel_rails:281
    C:/InstantRails/ruby/lib/ruby/gems/1.8/gems/activesupport-2.2.2/lib/active_support/dependencies.rb:142:in `load_without_new_constant_marking'
    C:/InstantRails/ruby/lib/ruby/gems/1.8/gems/activesupport-2.2.2/lib/active_support/dependencies.rb:142:in `load'
    C:/InstantRails/ruby/lib/ruby/gems/1.8/gems/activesupport-2.2.2/lib/active_support/dependencies.rb:521:in `new_constants_in'
    C:/InstantRails/ruby/lib/ruby/gems/1.8/gems/activesupport-2.2.2/lib/active_support/dependencies.rb:142:in `load'
    C:/InstantRails/ruby/lib/ruby/gems/1.8/gems/rails-2.2.2/lib/commands/servers/mongrel.rb:64
    C:/InstantRails/ruby/lib/ruby/site_ruby/1.8/rubygems/custom_require.rb:31:in `gem_original_require'
    C:/InstantRails/ruby/lib/ruby/site_ruby/1.8/rubygems/custom_require.rb:31:in `require'
    C:/InstantRails/ruby/lib/ruby/gems/1.8/gems/activesupport-2.2.2/lib/active_support/dependencies.rb:153:in `require'
    C:/InstantRails/ruby/lib/ruby/gems/1.8/gems/activesupport-2.2.2/lib/active_support/dependencies.rb:521:in `new_constants_in'
    C:/InstantRails/ruby/lib/ruby/gems/1.8/gems/activesupport-2.2.2/lib/active_support/dependencies.rb:153:in `require'
    C:/InstantRails/ruby/lib/ruby/gems/1.8/gems/rails-2.2.2/lib/commands/server.rb:49
    C:/InstantRails/ruby/lib/ruby/site_ruby/1.8/rubygems/custom_require.rb:31:in `gem_original_require'
    C:/InstantRails/ruby/lib/ruby/site_ruby/1.8/rubygems/custom_require.rb:31:in `require'
    script/server:3

Rendered C:/InstantRails/ruby/lib/ruby/gems/1.8/gems/actionpack-2.2.2/lib/action_controller/templates/rescues/_trace (52.0ms)
Rendered C:/InstantRails/ruby/lib/ruby/gems/1.8/gems/actionpack-2.2.2/lib/action_controller/templates/rescues/_request_and_response (1.0ms)
Rendering C:/InstantRails/ruby/lib/ruby/gems/1.8/gems/actionpack-2.2.2/lib/action_controller/templates/rescues/layout.erb (internal_server_error)


Processing MainController#login (for 127.0.0.1 at 2009-07-15 00:46:15) [POST]
  Parameters: {"commit"=>"login", "action"=>"login", "authenticity_token"=>"6b4e7c6ad67b0b3b265fb1de08f0b7e60a9bfdf8", "controller"=>"main", "login"=>"osa", "password"=>"[FILTERED]"}
  [4;36;1mAccount Load (2.0ms)[0m   [0;1mSELECT * FROM "accounts" WHERE ("accounts"."id" = 1) LIMIT 1[0m
  [4;35;1mAccount Load (1.0ms)[0m   [0mSELECT * FROM "accounts" WHERE ("accounts"."password" = '12345' AND "accounts"."username" = 'osa') LIMIT 1[0m
Redirected to actionindexcontrollerosas
Completed in 18ms (DB: 3) | 302 Found [http://localhost/main/login]


Processing ApplicationController#index (for 127.0.0.1 at 2009-07-15 00:46:15) [GET]
  Parameters: {"action"=>"index", "controller"=>"osas"}


SyntaxError (C:/Users/bonn/Documents/bukluran1/Bukluran8/app/controllers/osas_controller.rb:338: syntax error, unexpected '}'
C:/Users/bonn/Documents/bukluran1/Bukluran8/app/controllers/osas_controller.rb:342: syntax error, unexpected kEND, expecting '}'
C:/Users/bonn/Documents/bukluran1/Bukluran8/app/controllers/osas_controller.rb:345: syntax error, unexpected kEND, expecting '}'
C:/Users/bonn/Documents/bukluran1/Bukluran8/app/controllers/osas_controller.rb:349: syntax error, unexpected kEND, expecting '}'
C:/Users/bonn/Documents/bukluran1/Bukluran8/app/controllers/osas_controller.rb:371: syntax error, unexpected '}'
C:/Users/bonn/Documents/bukluran1/Bukluran8/app/controllers/osas_controller.rb:375: syntax error, unexpected kEND, expecting '}'
C:/Users/bonn/Documents/bukluran1/Bukluran8/app/controllers/osas_controller.rb:378: syntax error, unexpected kEND, expecting '}'
C:/Users/bonn/Documents/bukluran1/Bukluran8/app/controllers/osas_controller.rb:382: syntax error, unexpected kEND, expecting '}'
C:/Users/bonn/Documents/bukluran1/Bukluran8/app/controllers/osas_controller.rb:403: syntax error, unexpected '}'
C:/Users/bonn/Documents/bukluran1/Bukluran8/app/controllers/osas_controller.rb:407: syntax error, unexpected kEND, expecting '}'
C:/Users/bonn/Documents/bukluran1/Bukluran8/app/controllers/osas_controller.rb:410: syntax error, unexpected kEND, expecting '}'
C:/Users/bonn/Documents/bukluran1/Bukluran8/app/controllers/osas_controller.rb:414: syntax error, unexpected kEND, expecting '}'
C:/Users/bonn/Documents/bukluran1/Bukluran8/app/controllers/osas_controller.rb:435: syntax error, unexpected '}'
					@counter++}}
					           ^
C:/Users/bonn/Documents/bukluran1/Bukluran8/app/controllers/osas_controller.rb:438: syntax error, unexpected kEND, expecting '}'
C:/Users/bonn/Documents/bukluran1/Bukluran8/app/controllers/osas_controller.rb:441: syntax error, unexpected kEND, expecting '}'
C:/Users/bonn/Documents/bukluran1/Bukluran8/app/controllers/osas_controller.rb:445: syntax error, unexpected kEND, expecting '}'
C:/Users/bonn/Documents/bukluran1/Bukluran8/app/controllers/osas_controller.rb:477: syntax error, unexpected kEND, expecting '}'):
    C:/InstantRails/ruby/lib/ruby/gems/1.8/gems/activesupport-2.2.2/lib/active_support/dependencies.rb:382:in `load_without_new_constant_marking'
    C:/InstantRails/ruby/lib/ruby/gems/1.8/gems/activesupport-2.2.2/lib/active_support/dependencies.rb:382:in `load_file'
    C:/InstantRails/ruby/lib/ruby/gems/1.8/gems/activesupport-2.2.2/lib/active_support/dependencies.rb:521:in `new_constants_in'
    C:/InstantRails/ruby/lib/ruby/gems/1.8/gems/activesupport-2.2.2/lib/active_support/dependencies.rb:381:in `load_file'
    C:/InstantRails/ruby/lib/ruby/gems/1.8/gems/activesupport-2.2.2/lib/active_support/dependencies.rb:256:in `require_or_load'
    C:/InstantRails/ruby/lib/ruby/gems/1.8/gems/activesupport-2.2.2/lib/active_support/dependencies.rb:427:in `load_missing_constant'
    C:/InstantRails/ruby/lib/ruby/gems/1.8/gems/activesupport-2.2.2/lib/active_support/dependencies.rb:77:in `const_missing'
    C:/InstantRails/ruby/lib/ruby/gems/1.8/gems/activesupport-2.2.2/lib/active_support/dependencies.rb:89:in `const_missing'
    C:/InstantRails/ruby/lib/ruby/gems/1.8/gems/activesupport-2.2.2/lib/active_support/inflector.rb:352:in `constantize'
    C:/InstantRails/ruby/lib/ruby/gems/1.8/gems/activesupport-2.2.2/lib/active_support/inflector.rb:351:in `each'
    C:/InstantRails/ruby/lib/ruby/gems/1.8/gems/activesupport-2.2.2/lib/active_support/inflector.rb:351:in `constantize'
    C:/InstantRails/ruby/lib/ruby/gems/1.8/gems/activesupport-2.2.2/lib/active_support/core_ext/string/inflections.rb:162:in `constantize'
    C:/InstantRails/ruby/lib/ruby/gems/1.8/gems/actionpack-2.2.2/lib/action_controller/routing/route_set.rb:388:in `recognize'
    C:/InstantRails/ruby/lib/ruby/gems/1.8/gems/actionpack-2.2.2/lib/action_controller/dispatcher.rb:182:in `handle_request'
    C:/InstantRails/ruby/lib/ruby/gems/1.8/gems/actionpack-2.2.2/lib/action_controller/dispatcher.rb:110:in `dispatch_unlocked'
    C:/InstantRails/ruby/lib/ruby/gems/1.8/gems/actionpack-2.2.2/lib/action_controller/dispatcher.rb:123:in `dispatch'
    C:/InstantRails/ruby/lib/ruby/gems/1.8/gems/actionpack-2.2.2/lib/action_controller/dispatcher.rb:122:in `synchronize'
    C:/InstantRails/ruby/lib/ruby/gems/1.8/gems/actionpack-2.2.2/lib/action_controller/dispatcher.rb:122:in `dispatch'
    C:/InstantRails/ruby/lib/ruby/gems/1.8/gems/actionpack-2.2.2/lib/action_controller/dispatcher.rb:132:in `dispatch_cgi'
    C:/InstantRails/ruby/lib/ruby/gems/1.8/gems/actionpack-2.2.2/lib/action_controller/dispatcher.rb:39:in `dispatch'
    C:/InstantRails/ruby/lib/ruby/gems/1.8/gems/mongrel-1.1.5-x86-mswin32-60/bin/../lib/mongrel/rails.rb:76:in `process'
    C:/InstantRails/ruby/lib/ruby/gems/1.8/gems/mongrel-1.1.5-x86-mswin32-60/bin/../lib/mongrel/rails.rb:74:in `synchronize'
    C:/InstantRails/ruby/lib/ruby/gems/1.8/gems/mongrel-1.1.5-x86-mswin32-60/bin/../lib/mongrel/rails.rb:74:in `process'
    C:/InstantRails/ruby/lib/ruby/gems/1.8/gems/mongrel-1.1.5-x86-mswin32-60/lib/mongrel.rb:159:in `process_client'
    C:/InstantRails/ruby/lib/ruby/gems/1.8/gems/mongrel-1.1.5-x86-mswin32-60/lib/mongrel.rb:158:in `each'
    C:/InstantRails/ruby/lib/ruby/gems/1.8/gems/mongrel-1.1.5-x86-mswin32-60/lib/mongrel.rb:158:in `process_client'
    C:/InstantRails/ruby/lib/ruby/gems/1.8/gems/mongrel-1.1.5-x86-mswin32-60/lib/mongrel.rb:285:in `run'
    C:/InstantRails/ruby/lib/ruby/gems/1.8/gems/mongrel-1.1.5-x86-mswin32-60/lib/mongrel.rb:285:in `initialize'
    C:/InstantRails/ruby/lib/ruby/gems/1.8/gems/mongrel-1.1.5-x86-mswin32-60/lib/mongrel.rb:285:in `new'
    C:/InstantRails/ruby/lib/ruby/gems/1.8/gems/mongrel-1.1.5-x86-mswin32-60/lib/mongrel.rb:285:in `run'
    C:/InstantRails/ruby/lib/ruby/gems/1.8/gems/mongrel-1.1.5-x86-mswin32-60/lib/mongrel.rb:268:in `initialize'
    C:/InstantRails/ruby/lib/ruby/gems/1.8/gems/mongrel-1.1.5-x86-mswin32-60/lib/mongrel.rb:268:in `new'
    C:/InstantRails/ruby/lib/ruby/gems/1.8/gems/mongrel-1.1.5-x86-mswin32-60/lib/mongrel.rb:268:in `run'
    C:/InstantRails/ruby/lib/ruby/gems/1.8/gems/mongrel-1.1.5-x86-mswin32-60/lib/mongrel/configurator.rb:282:in `run'
    C:/InstantRails/ruby/lib/ruby/gems/1.8/gems/mongrel-1.1.5-x86-mswin32-60/lib/mongrel/configurator.rb:281:in `each'
    C:/InstantRails/ruby/lib/ruby/gems/1.8/gems/mongrel-1.1.5-x86-mswin32-60/lib/mongrel/configurator.rb:281:in `run'
    C:/InstantRails/ruby/lib/ruby/gems/1.8/gems/mongrel-1.1.5-x86-mswin32-60/bin/mongrel_rails:128:in `run'
    C:/InstantRails/ruby/lib/ruby/gems/1.8/gems/mongrel-1.1.5-x86-mswin32-60/lib/mongrel/command.rb:212:in `run'
    C:/InstantRails/ruby/lib/ruby/gems/1.8/gems/mongrel-1.1.5-x86-mswin32-60/bin/mongrel_rails:281
    C:/InstantRails/ruby/lib/ruby/gems/1.8/gems/activesupport-2.2.2/lib/active_support/dependencies.rb:142:in `load_without_new_constant_marking'
    C:/InstantRails/ruby/lib/ruby/gems/1.8/gems/activesupport-2.2.2/lib/active_support/dependencies.rb:142:in `load'
    C:/InstantRails/ruby/lib/ruby/gems/1.8/gems/activesupport-2.2.2/lib/active_support/dependencies.rb:521:in `new_constants_in'
    C:/InstantRails/ruby/lib/ruby/gems/1.8/gems/activesupport-2.2.2/lib/active_support/dependencies.rb:142:in `load'
    C:/InstantRails/ruby/lib/ruby/gems/1.8/gems/rails-2.2.2/lib/commands/servers/mongrel.rb:64
    C:/InstantRails/ruby/lib/ruby/site_ruby/1.8/rubygems/custom_require.rb:31:in `gem_original_require'
    C:/InstantRails/ruby/lib/ruby/site_ruby/1.8/rubygems/custom_require.rb:31:in `require'
    C:/InstantRails/ruby/lib/ruby/gems/1.8/gems/activesupport-2.2.2/lib/active_support/dependencies.rb:153:in `require'
    C:/InstantRails/ruby/lib/ruby/gems/1.8/gems/activesupport-2.2.2/lib/active_support/dependencies.rb:521:in `new_constants_in'
    C:/InstantRails/ruby/lib/ruby/gems/1.8/gems/activesupport-2.2.2/lib/active_support/dependencies.rb:153:in `require'
    C:/InstantRails/ruby/lib/ruby/gems/1.8/gems/rails-2.2.2/lib/commands/server.rb:49
    C:/InstantRails/ruby/lib/ruby/site_ruby/1.8/rubygems/custom_require.rb:31:in `gem_original_require'
    C:/InstantRails/ruby/lib/ruby/site_ruby/1.8/rubygems/custom_require.rb:31:in `require'
    script/server:3

Rendered C:/InstantRails/ruby/lib/ruby/gems/1.8/gems/actionpack-2.2.2/lib/action_controller/templates/rescues/_trace (134.0ms)
Rendered C:/InstantRails/ruby/lib/ruby/gems/1.8/gems/actionpack-2.2.2/lib/action_controller/templates/rescues/_request_and_response (2.0ms)
Rendering C:/InstantRails/ruby/lib/ruby/gems/1.8/gems/actionpack-2.2.2/lib/action_controller/templates/rescues/layout.erb (internal_server_error)
